<?xml version="1.0" encoding="UTF-8"?>
<testsuite xmlns:xsi="http://www.w3.org/2001/XMLSchema-instance" xsi:noNamespaceSchemaLocation="https://maven.apache.org/surefire/maven-surefire-plugin/xsd/surefire-test-report-3.0.xsd" version="3.0" name="dev.reelratings.ReelRatings.ReelRatingsApplicationTests" time="1.676" tests="1" errors="0" skipped="0" failures="0">
  <properties>
    <property name="java.specification.version" value="17"/>
    <property name="sun.jnu.encoding" value="UTF-8"/>
    <property name="java.class.path" value="/Users/ashichauhan/Developer/Projects/capstone-backend/target/test-classes:/Users/ashichauhan/Developer/Projects/capstone-backend/target/classes:/Users/ashichauhan/.m2/repository/org/springframework/boot/spring-boot-starter-data-mongodb/3.2.0-M1/spring-boot-starter-data-mongodb-3.2.0-M1.jar:/Users/ashichauhan/.m2/repository/org/springframework/boot/spring-boot-starter/3.2.0-M1/spring-boot-starter-3.2.0-M1.jar:/Users/ashichauhan/.m2/repository/org/springframework/boot/spring-boot-starter-logging/3.2.0-M1/spring-boot-starter-logging-3.2.0-M1.jar:/Users/ashichauhan/.m2/repository/ch/qos/logback/logback-classic/1.4.8/logback-classic-1.4.8.jar:/Users/ashichauhan/.m2/repository/ch/qos/logback/logback-core/1.4.8/logback-core-1.4.8.jar:/Users/ashichauhan/.m2/repository/org/apache/logging/log4j/log4j-to-slf4j/2.20.0/log4j-to-slf4j-2.20.0.jar:/Users/ashichauhan/.m2/repository/org/apache/logging/log4j/log4j-api/2.20.0/log4j-api-2.20.0.jar:/Users/ashichauhan/.m2/repository/org/slf4j/jul-to-slf4j/2.0.7/jul-to-slf4j-2.0.7.jar:/Users/ashichauhan/.m2/repository/jakarta/annotation/jakarta.annotation-api/2.1.1/jakarta.annotation-api-2.1.1.jar:/Users/ashichauhan/.m2/repository/org/yaml/snakeyaml/2.0/snakeyaml-2.0.jar:/Users/ashichauhan/.m2/repository/org/mongodb/mongodb-driver-sync/4.10.2/mongodb-driver-sync-4.10.2.jar:/Users/ashichauhan/.m2/repository/org/mongodb/bson/4.10.2/bson-4.10.2.jar:/Users/ashichauhan/.m2/repository/org/mongodb/mongodb-driver-core/4.10.2/mongodb-driver-core-4.10.2.jar:/Users/ashichauhan/.m2/repository/org/mongodb/bson-record-codec/4.10.2/bson-record-codec-4.10.2.jar:/Users/ashichauhan/.m2/repository/org/springframework/data/spring-data-mongodb/4.2.0-M1/spring-data-mongodb-4.2.0-M1.jar:/Users/ashichauhan/.m2/repository/org/springframework/spring-tx/6.1.0-M3/spring-tx-6.1.0-M3.jar:/Users/ashichauhan/.m2/repository/org/springframework/spring-context/6.1.0-M3/spring-context-6.1.0-M3.jar:/Users/ashichauhan/.m2/repository/org/springframework/spring-beans/6.1.0-M3/spring-beans-6.1.0-M3.jar:/Users/ashichauhan/.m2/repository/org/springframework/spring-expression/6.1.0-M3/spring-expression-6.1.0-M3.jar:/Users/ashichauhan/.m2/repository/org/springframework/data/spring-data-commons/3.2.0-M1/spring-data-commons-3.2.0-M1.jar:/Users/ashichauhan/.m2/repository/org/slf4j/slf4j-api/2.0.7/slf4j-api-2.0.7.jar:/Users/ashichauhan/.m2/repository/org/springframework/boot/spring-boot-starter-web/3.2.0-M1/spring-boot-starter-web-3.2.0-M1.jar:/Users/ashichauhan/.m2/repository/org/springframework/boot/spring-boot-starter-json/3.2.0-M1/spring-boot-starter-json-3.2.0-M1.jar:/Users/ashichauhan/.m2/repository/com/fasterxml/jackson/core/jackson-databind/2.15.2/jackson-databind-2.15.2.jar:/Users/ashichauhan/.m2/repository/com/fasterxml/jackson/core/jackson-annotations/2.15.2/jackson-annotations-2.15.2.jar:/Users/ashichauhan/.m2/repository/com/fasterxml/jackson/core/jackson-core/2.15.2/jackson-core-2.15.2.jar:/Users/ashichauhan/.m2/repository/com/fasterxml/jackson/datatype/jackson-datatype-jdk8/2.15.2/jackson-datatype-jdk8-2.15.2.jar:/Users/ashichauhan/.m2/repository/com/fasterxml/jackson/datatype/jackson-datatype-jsr310/2.15.2/jackson-datatype-jsr310-2.15.2.jar:/Users/ashichauhan/.m2/repository/com/fasterxml/jackson/module/jackson-module-parameter-names/2.15.2/jackson-module-parameter-names-2.15.2.jar:/Users/ashichauhan/.m2/repository/org/springframework/boot/spring-boot-starter-tomcat/3.2.0-M1/spring-boot-starter-tomcat-3.2.0-M1.jar:/Users/ashichauhan/.m2/repository/org/apache/tomcat/embed/tomcat-embed-core/10.1.11/tomcat-embed-core-10.1.11.jar:/Users/ashichauhan/.m2/repository/org/apache/tomcat/embed/tomcat-embed-el/10.1.11/tomcat-embed-el-10.1.11.jar:/Users/ashichauhan/.m2/repository/org/apache/tomcat/embed/tomcat-embed-websocket/10.1.11/tomcat-embed-websocket-10.1.11.jar:/Users/ashichauhan/.m2/repository/org/springframework/spring-web/6.1.0-M3/spring-web-6.1.0-M3.jar:/Users/ashichauhan/.m2/repository/io/micrometer/micrometer-observation/1.12.0-M1/micrometer-observation-1.12.0-M1.jar:/Users/ashichauhan/.m2/repository/io/micrometer/micrometer-commons/1.12.0-M1/micrometer-commons-1.12.0-M1.jar:/Users/ashichauhan/.m2/repository/org/springframework/spring-webmvc/6.1.0-M3/spring-webmvc-6.1.0-M3.jar:/Users/ashichauhan/.m2/repository/org/springframework/spring-aop/6.1.0-M3/spring-aop-6.1.0-M3.jar:/Users/ashichauhan/.m2/repository/org/springframework/boot/spring-boot-devtools/3.2.0-M1/spring-boot-devtools-3.2.0-M1.jar:/Users/ashichauhan/.m2/repository/org/springframework/boot/spring-boot/3.2.0-M1/spring-boot-3.2.0-M1.jar:/Users/ashichauhan/.m2/repository/org/springframework/boot/spring-boot-autoconfigure/3.2.0-M1/spring-boot-autoconfigure-3.2.0-M1.jar:/Users/ashichauhan/.m2/repository/org/projectlombok/lombok/1.18.28/lombok-1.18.28.jar:/Users/ashichauhan/.m2/repository/org/springframework/boot/spring-boot-starter-test/3.2.0-M1/spring-boot-starter-test-3.2.0-M1.jar:/Users/ashichauhan/.m2/repository/org/springframework/boot/spring-boot-test/3.2.0-M1/spring-boot-test-3.2.0-M1.jar:/Users/ashichauhan/.m2/repository/org/springframework/boot/spring-boot-test-autoconfigure/3.2.0-M1/spring-boot-test-autoconfigure-3.2.0-M1.jar:/Users/ashichauhan/.m2/repository/com/jayway/jsonpath/json-path/2.8.0/json-path-2.8.0.jar:/Users/ashichauhan/.m2/repository/jakarta/xml/bind/jakarta.xml.bind-api/4.0.0/jakarta.xml.bind-api-4.0.0.jar:/Users/ashichauhan/.m2/repository/jakarta/activation/jakarta.activation-api/2.1.2/jakarta.activation-api-2.1.2.jar:/Users/ashichauhan/.m2/repository/net/minidev/json-smart/2.5.0/json-smart-2.5.0.jar:/Users/ashichauhan/.m2/repository/net/minidev/accessors-smart/2.5.0/accessors-smart-2.5.0.jar:/Users/ashichauhan/.m2/repository/org/ow2/asm/asm/9.3/asm-9.3.jar:/Users/ashichauhan/.m2/repository/org/assertj/assertj-core/3.24.2/assertj-core-3.24.2.jar:/Users/ashichauhan/.m2/repository/net/bytebuddy/byte-buddy/1.14.5/byte-buddy-1.14.5.jar:/Users/ashichauhan/.m2/repository/org/hamcrest/hamcrest/2.2/hamcrest-2.2.jar:/Users/ashichauhan/.m2/repository/org/junit/jupiter/junit-jupiter/5.9.3/junit-jupiter-5.9.3.jar:/Users/ashichauhan/.m2/repository/org/junit/jupiter/junit-jupiter-api/5.9.3/junit-jupiter-api-5.9.3.jar:/Users/ashichauhan/.m2/repository/org/opentest4j/opentest4j/1.2.0/opentest4j-1.2.0.jar:/Users/ashichauhan/.m2/repository/org/junit/platform/junit-platform-commons/1.9.3/junit-platform-commons-1.9.3.jar:/Users/ashichauhan/.m2/repository/org/apiguardian/apiguardian-api/1.1.2/apiguardian-api-1.1.2.jar:/Users/ashichauhan/.m2/repository/org/junit/jupiter/junit-jupiter-params/5.9.3/junit-jupiter-params-5.9.3.jar:/Users/ashichauhan/.m2/repository/org/junit/jupiter/junit-jupiter-engine/5.9.3/junit-jupiter-engine-5.9.3.jar:/Users/ashichauhan/.m2/repository/org/junit/platform/junit-platform-engine/1.9.3/junit-platform-engine-1.9.3.jar:/Users/ashichauhan/.m2/repository/org/mockito/mockito-core/5.4.0/mockito-core-5.4.0.jar:/Users/ashichauhan/.m2/repository/net/bytebuddy/byte-buddy-agent/1.14.5/byte-buddy-agent-1.14.5.jar:/Users/ashichauhan/.m2/repository/org/objenesis/objenesis/3.3/objenesis-3.3.jar:/Users/ashichauhan/.m2/repository/org/mockito/mockito-junit-jupiter/5.4.0/mockito-junit-jupiter-5.4.0.jar:/Users/ashichauhan/.m2/repository/org/skyscreamer/jsonassert/1.5.1/jsonassert-1.5.1.jar:/Users/ashichauhan/.m2/repository/com/vaadin/external/google/android-json/0.0.20131108.vaadin1/android-json-0.0.20131108.vaadin1.jar:/Users/ashichauhan/.m2/repository/org/springframework/spring-core/6.1.0-M3/spring-core-6.1.0-M3.jar:/Users/ashichauhan/.m2/repository/org/springframework/spring-jcl/6.1.0-M3/spring-jcl-6.1.0-M3.jar:/Users/ashichauhan/.m2/repository/org/springframework/spring-test/6.1.0-M3/spring-test-6.1.0-M3.jar:/Users/ashichauhan/.m2/repository/org/xmlunit/xmlunit-core/2.9.1/xmlunit-core-2.9.1.jar:/Users/ashichauhan/.m2/repository/me/paulschwarz/spring-dotenv/4.0.0/spring-dotenv-4.0.0.jar:/Users/ashichauhan/.m2/repository/io/github/cdimascio/dotenv-java/3.0.0/dotenv-java-3.0.0.jar:"/>
    <property name="java.vm.vendor" value="Oracle Corporation"/>
    <property name="sun.arch.data.model" value="64"/>
    <property name="java.vendor.url" value="https://java.oracle.com/"/>
    <property name="user.timezone" value="America/Los_Angeles"/>
    <property name="os.name" value="Mac OS X"/>
    <property name="java.vm.specification.version" value="17"/>
    <property name="sun.java.launcher" value="SUN_STANDARD"/>
    <property name="user.country" value="US"/>
    <property name="sun.boot.library.path" value="/Library/Java/JavaVirtualMachines/jdk-17.jdk/Contents/Home/lib"/>
    <property name="sun.java.command" value="/Users/ashichauhan/Developer/Projects/capstone-backend/target/surefire/surefirebooter-20230813153514506_3.jar /Users/ashichauhan/Developer/Projects/capstone-backend/target/surefire 2023-08-13T15-35-12_560-jvmRun1 surefire-20230813153514506_1tmp surefire_0-20230813153514506_2tmp"/>
    <property name="http.nonProxyHosts" value="local|*.local|169.254/16|*.169.254/16"/>
    <property name="jdk.debug" value="release"/>
    <property name="surefire.test.class.path" value="/Users/ashichauhan/Developer/Projects/capstone-backend/target/test-classes:/Users/ashichauhan/Developer/Projects/capstone-backend/target/classes:/Users/ashichauhan/.m2/repository/org/springframework/boot/spring-boot-starter-data-mongodb/3.2.0-M1/spring-boot-starter-data-mongodb-3.2.0-M1.jar:/Users/ashichauhan/.m2/repository/org/springframework/boot/spring-boot-starter/3.2.0-M1/spring-boot-starter-3.2.0-M1.jar:/Users/ashichauhan/.m2/repository/org/springframework/boot/spring-boot-starter-logging/3.2.0-M1/spring-boot-starter-logging-3.2.0-M1.jar:/Users/ashichauhan/.m2/repository/ch/qos/logback/logback-classic/1.4.8/logback-classic-1.4.8.jar:/Users/ashichauhan/.m2/repository/ch/qos/logback/logback-core/1.4.8/logback-core-1.4.8.jar:/Users/ashichauhan/.m2/repository/org/apache/logging/log4j/log4j-to-slf4j/2.20.0/log4j-to-slf4j-2.20.0.jar:/Users/ashichauhan/.m2/repository/org/apache/logging/log4j/log4j-api/2.20.0/log4j-api-2.20.0.jar:/Users/ashichauhan/.m2/repository/org/slf4j/jul-to-slf4j/2.0.7/jul-to-slf4j-2.0.7.jar:/Users/ashichauhan/.m2/repository/jakarta/annotation/jakarta.annotation-api/2.1.1/jakarta.annotation-api-2.1.1.jar:/Users/ashichauhan/.m2/repository/org/yaml/snakeyaml/2.0/snakeyaml-2.0.jar:/Users/ashichauhan/.m2/repository/org/mongodb/mongodb-driver-sync/4.10.2/mongodb-driver-sync-4.10.2.jar:/Users/ashichauhan/.m2/repository/org/mongodb/bson/4.10.2/bson-4.10.2.jar:/Users/ashichauhan/.m2/repository/org/mongodb/mongodb-driver-core/4.10.2/mongodb-driver-core-4.10.2.jar:/Users/ashichauhan/.m2/repository/org/mongodb/bson-record-codec/4.10.2/bson-record-codec-4.10.2.jar:/Users/ashichauhan/.m2/repository/org/springframework/data/spring-data-mongodb/4.2.0-M1/spring-data-mongodb-4.2.0-M1.jar:/Users/ashichauhan/.m2/repository/org/springframework/spring-tx/6.1.0-M3/spring-tx-6.1.0-M3.jar:/Users/ashichauhan/.m2/repository/org/springframework/spring-context/6.1.0-M3/spring-context-6.1.0-M3.jar:/Users/ashichauhan/.m2/repository/org/springframework/spring-beans/6.1.0-M3/spring-beans-6.1.0-M3.jar:/Users/ashichauhan/.m2/repository/org/springframework/spring-expression/6.1.0-M3/spring-expression-6.1.0-M3.jar:/Users/ashichauhan/.m2/repository/org/springframework/data/spring-data-commons/3.2.0-M1/spring-data-commons-3.2.0-M1.jar:/Users/ashichauhan/.m2/repository/org/slf4j/slf4j-api/2.0.7/slf4j-api-2.0.7.jar:/Users/ashichauhan/.m2/repository/org/springframework/boot/spring-boot-starter-web/3.2.0-M1/spring-boot-starter-web-3.2.0-M1.jar:/Users/ashichauhan/.m2/repository/org/springframework/boot/spring-boot-starter-json/3.2.0-M1/spring-boot-starter-json-3.2.0-M1.jar:/Users/ashichauhan/.m2/repository/com/fasterxml/jackson/core/jackson-databind/2.15.2/jackson-databind-2.15.2.jar:/Users/ashichauhan/.m2/repository/com/fasterxml/jackson/core/jackson-annotations/2.15.2/jackson-annotations-2.15.2.jar:/Users/ashichauhan/.m2/repository/com/fasterxml/jackson/core/jackson-core/2.15.2/jackson-core-2.15.2.jar:/Users/ashichauhan/.m2/repository/com/fasterxml/jackson/datatype/jackson-datatype-jdk8/2.15.2/jackson-datatype-jdk8-2.15.2.jar:/Users/ashichauhan/.m2/repository/com/fasterxml/jackson/datatype/jackson-datatype-jsr310/2.15.2/jackson-datatype-jsr310-2.15.2.jar:/Users/ashichauhan/.m2/repository/com/fasterxml/jackson/module/jackson-module-parameter-names/2.15.2/jackson-module-parameter-names-2.15.2.jar:/Users/ashichauhan/.m2/repository/org/springframework/boot/spring-boot-starter-tomcat/3.2.0-M1/spring-boot-starter-tomcat-3.2.0-M1.jar:/Users/ashichauhan/.m2/repository/org/apache/tomcat/embed/tomcat-embed-core/10.1.11/tomcat-embed-core-10.1.11.jar:/Users/ashichauhan/.m2/repository/org/apache/tomcat/embed/tomcat-embed-el/10.1.11/tomcat-embed-el-10.1.11.jar:/Users/ashichauhan/.m2/repository/org/apache/tomcat/embed/tomcat-embed-websocket/10.1.11/tomcat-embed-websocket-10.1.11.jar:/Users/ashichauhan/.m2/repository/org/springframework/spring-web/6.1.0-M3/spring-web-6.1.0-M3.jar:/Users/ashichauhan/.m2/repository/io/micrometer/micrometer-observation/1.12.0-M1/micrometer-observation-1.12.0-M1.jar:/Users/ashichauhan/.m2/repository/io/micrometer/micrometer-commons/1.12.0-M1/micrometer-commons-1.12.0-M1.jar:/Users/ashichauhan/.m2/repository/org/springframework/spring-webmvc/6.1.0-M3/spring-webmvc-6.1.0-M3.jar:/Users/ashichauhan/.m2/repository/org/springframework/spring-aop/6.1.0-M3/spring-aop-6.1.0-M3.jar:/Users/ashichauhan/.m2/repository/org/springframework/boot/spring-boot-devtools/3.2.0-M1/spring-boot-devtools-3.2.0-M1.jar:/Users/ashichauhan/.m2/repository/org/springframework/boot/spring-boot/3.2.0-M1/spring-boot-3.2.0-M1.jar:/Users/ashichauhan/.m2/repository/org/springframework/boot/spring-boot-autoconfigure/3.2.0-M1/spring-boot-autoconfigure-3.2.0-M1.jar:/Users/ashichauhan/.m2/repository/org/projectlombok/lombok/1.18.28/lombok-1.18.28.jar:/Users/ashichauhan/.m2/repository/org/springframework/boot/spring-boot-starter-test/3.2.0-M1/spring-boot-starter-test-3.2.0-M1.jar:/Users/ashichauhan/.m2/repository/org/springframework/boot/spring-boot-test/3.2.0-M1/spring-boot-test-3.2.0-M1.jar:/Users/ashichauhan/.m2/repository/org/springframework/boot/spring-boot-test-autoconfigure/3.2.0-M1/spring-boot-test-autoconfigure-3.2.0-M1.jar:/Users/ashichauhan/.m2/repository/com/jayway/jsonpath/json-path/2.8.0/json-path-2.8.0.jar:/Users/ashichauhan/.m2/repository/jakarta/xml/bind/jakarta.xml.bind-api/4.0.0/jakarta.xml.bind-api-4.0.0.jar:/Users/ashichauhan/.m2/repository/jakarta/activation/jakarta.activation-api/2.1.2/jakarta.activation-api-2.1.2.jar:/Users/ashichauhan/.m2/repository/net/minidev/json-smart/2.5.0/json-smart-2.5.0.jar:/Users/ashichauhan/.m2/repository/net/minidev/accessors-smart/2.5.0/accessors-smart-2.5.0.jar:/Users/ashichauhan/.m2/repository/org/ow2/asm/asm/9.3/asm-9.3.jar:/Users/ashichauhan/.m2/repository/org/assertj/assertj-core/3.24.2/assertj-core-3.24.2.jar:/Users/ashichauhan/.m2/repository/net/bytebuddy/byte-buddy/1.14.5/byte-buddy-1.14.5.jar:/Users/ashichauhan/.m2/repository/org/hamcrest/hamcrest/2.2/hamcrest-2.2.jar:/Users/ashichauhan/.m2/repository/org/junit/jupiter/junit-jupiter/5.9.3/junit-jupiter-5.9.3.jar:/Users/ashichauhan/.m2/repository/org/junit/jupiter/junit-jupiter-api/5.9.3/junit-jupiter-api-5.9.3.jar:/Users/ashichauhan/.m2/repository/org/opentest4j/opentest4j/1.2.0/opentest4j-1.2.0.jar:/Users/ashichauhan/.m2/repository/org/junit/platform/junit-platform-commons/1.9.3/junit-platform-commons-1.9.3.jar:/Users/ashichauhan/.m2/repository/org/apiguardian/apiguardian-api/1.1.2/apiguardian-api-1.1.2.jar:/Users/ashichauhan/.m2/repository/org/junit/jupiter/junit-jupiter-params/5.9.3/junit-jupiter-params-5.9.3.jar:/Users/ashichauhan/.m2/repository/org/junit/jupiter/junit-jupiter-engine/5.9.3/junit-jupiter-engine-5.9.3.jar:/Users/ashichauhan/.m2/repository/org/junit/platform/junit-platform-engine/1.9.3/junit-platform-engine-1.9.3.jar:/Users/ashichauhan/.m2/repository/org/mockito/mockito-core/5.4.0/mockito-core-5.4.0.jar:/Users/ashichauhan/.m2/repository/net/bytebuddy/byte-buddy-agent/1.14.5/byte-buddy-agent-1.14.5.jar:/Users/ashichauhan/.m2/repository/org/objenesis/objenesis/3.3/objenesis-3.3.jar:/Users/ashichauhan/.m2/repository/org/mockito/mockito-junit-jupiter/5.4.0/mockito-junit-jupiter-5.4.0.jar:/Users/ashichauhan/.m2/repository/org/skyscreamer/jsonassert/1.5.1/jsonassert-1.5.1.jar:/Users/ashichauhan/.m2/repository/com/vaadin/external/google/android-json/0.0.20131108.vaadin1/android-json-0.0.20131108.vaadin1.jar:/Users/ashichauhan/.m2/repository/org/springframework/spring-core/6.1.0-M3/spring-core-6.1.0-M3.jar:/Users/ashichauhan/.m2/repository/org/springframework/spring-jcl/6.1.0-M3/spring-jcl-6.1.0-M3.jar:/Users/ashichauhan/.m2/repository/org/springframework/spring-test/6.1.0-M3/spring-test-6.1.0-M3.jar:/Users/ashichauhan/.m2/repository/org/xmlunit/xmlunit-core/2.9.1/xmlunit-core-2.9.1.jar:/Users/ashichauhan/.m2/repository/me/paulschwarz/spring-dotenv/4.0.0/spring-dotenv-4.0.0.jar:/Users/ashichauhan/.m2/repository/io/github/cdimascio/dotenv-java/3.0.0/dotenv-java-3.0.0.jar:"/>
    <property name="sun.cpu.endian" value="little"/>
    <property name="user.home" value="/Users/ashichauhan"/>
    <property name="user.language" value="en"/>
    <property name="java.specification.vendor" value="Oracle Corporation"/>
    <property name="java.version.date" value="2023-07-18"/>
    <property name="java.home" value="/Library/Java/JavaVirtualMachines/jdk-17.jdk/Contents/Home"/>
    <property name="file.separator" value="/"/>
    <property name="basedir" value="/Users/ashichauhan/Developer/Projects/capstone-backend"/>
    <property name="java.vm.compressedOopsMode" value="Zero based"/>
    <property name="line.separator" value="&#10;"/>
    <property name="java.vm.specification.vendor" value="Oracle Corporation"/>
    <property name="java.specification.name" value="Java Platform API Specification"/>
    <property name="FILE_LOG_CHARSET" value="UTF-8"/>
    <property name="java.awt.headless" value="true"/>
    <property name="surefire.real.class.path" value="/Users/ashichauhan/Developer/Projects/capstone-backend/target/surefire/surefirebooter-20230813153514506_3.jar"/>
    <property name="sun.management.compiler" value="HotSpot 64-Bit Tiered Compilers"/>
    <property name="ftp.nonProxyHosts" value="local|*.local|169.254/16|*.169.254/16"/>
    <property name="java.runtime.version" value="17.0.8+9-LTS-211"/>
    <property name="user.name" value="ashichauhan"/>
    <property name="path.separator" value=":"/>
    <property name="os.version" value="12.0.1"/>
    <property name="java.runtime.name" value="Java(TM) SE Runtime Environment"/>
    <property name="file.encoding" value="UTF-8"/>
    <property name="java.vm.name" value="Java HotSpot(TM) 64-Bit Server VM"/>
    <property name="localRepository" value="/Users/ashichauhan/.m2/repository"/>
    <property name="java.vendor.url.bug" value="https://bugreport.java.com/bugreport/"/>
    <property name="java.io.tmpdir" value="/var/folders/x3/76pb338d16d5dkh_y24sjgh00000gn/T/"/>
    <property name="idea.version" value="2023.1.5"/>
    <property name="java.version" value="17.0.8"/>
    <property name="user.dir" value="/Users/ashichauhan/Developer/Projects/capstone-backend"/>
    <property name="os.arch" value="aarch64"/>
    <property name="java.vm.specification.name" value="Java Virtual Machine Specification"/>
    <property name="PID" value="51014"/>
    <property name="CONSOLE_LOG_CHARSET" value="UTF-8"/>
    <property name="native.encoding" value="UTF-8"/>
    <property name="java.library.path" value="/Users/ashichauhan/Library/Java/Extensions:/Library/Java/Extensions:/Network/Library/Java/Extensions:/System/Library/Java/Extensions:/usr/lib/java:."/>
    <property name="java.vm.info" value="mixed mode, sharing"/>
    <property name="java.vendor" value="Oracle Corporation"/>
    <property name="java.vm.version" value="17.0.8+9-LTS-211"/>
    <property name="sun.io.unicode.encoding" value="UnicodeBig"/>
    <property name="socksNonProxyHosts" value="local|*.local|169.254/16|*.169.254/16"/>
    <property name="java.class.version" value="61.0"/>
  </properties>
  <testcase name="contextLoads" classname="dev.reelratings.ReelRatings.ReelRatingsApplicationTests" time="0.438">
    <system-out><![CDATA[15:35:14.930 [main] INFO org.springframework.test.context.support.AnnotationConfigContextLoaderUtils -- Could not detect default configuration classes for test class [dev.reelratings.ReelRatings.ReelRatingsApplicationTests]: ReelRatingsApplicationTests does not declare any static, non-private, non-final, nested classes annotated with @Configuration.
15:35:14.987 [main] INFO org.springframework.boot.test.context.SpringBootTestContextBootstrapper -- Found @SpringBootConfiguration dev.reelratings.ReelRatings.ReelRatingsApplication for test class dev.reelratings.ReelRatings.ReelRatingsApplicationTests

  .   ____          _            __ _ _
 /\\ / ___'_ __ _ _(_)_ __  __ _ \ \ \ \
( ( )\___ | '_ | '_| | '_ \/ _` | \ \ \ \
 \\/  ___)| |_)| | | | | || (_| |  ) ) ) )
  '  |____| .__|_| |_|_| |_\__, | / / / /
 =========|_|==============|___/=/_/_/_/
 :: Spring Boot ::             (v3.2.0-M1)

2023-08-13T15:35:15.178-07:00  INFO 51014 --- [           main] d.r.R.ReelRatingsApplicationTests        : Starting ReelRatingsApplicationTests using Java 17.0.8 with PID 51014 (started by ashichauhan in /Users/ashichauhan/Developer/Projects/capstone-backend)
2023-08-13T15:35:15.178-07:00  INFO 51014 --- [           main] d.r.R.ReelRatingsApplicationTests        : No active profile set, falling back to 1 default profile: "default"
2023-08-13T15:35:15.429-07:00  INFO 51014 --- [           main] .s.d.r.c.RepositoryConfigurationDelegate : Bootstrapping Spring Data MongoDB repositories in DEFAULT mode.
2023-08-13T15:35:15.456-07:00  INFO 51014 --- [           main] .s.d.r.c.RepositoryConfigurationDelegate : Finished Spring Data repository scanning in 24 ms. Found 2 MongoDB repository interfaces.
2023-08-13T15:35:15.680-07:00  INFO 51014 --- [           main] org.mongodb.driver.client                : MongoClient with metadata {"driver": {"name": "mongo-java-driver|sync|spring-boot", "version": "4.10.2"}, "os": {"type": "Darwin", "name": "Mac OS X", "architecture": "aarch64", "version": "12.0.1"}, "platform": "Java/Oracle Corporation/17.0.8+9-LTS-211"} created with settings MongoClientSettings{readPreference=primary, writeConcern=WriteConcern{w=null, wTimeout=null ms, journal=null}, retryWrites=true, retryReads=true, readConcern=ReadConcern{level=null}, credential=MongoCredential{mechanism=null, userName='avcswe17', source='admin', password=<hidden>, mechanismProperties=<hidden>}, streamFactoryFactory=null, commandListeners=[], codecRegistry=ProvidersCodecRegistry{codecProviders=[ValueCodecProvider{}, BsonValueCodecProvider{}, DBRefCodecProvider{}, DBObjectCodecProvider{}, DocumentCodecProvider{}, CollectionCodecProvider{}, IterableCodecProvider{}, MapCodecProvider{}, GeoJsonCodecProvider{}, GridFSFileCodecProvider{}, Jsr310CodecProvider{}, JsonObjectCodecProvider{}, BsonCodecProvider{}, EnumCodecProvider{}, com.mongodb.client.model.mql.ExpressionCodecProvider@254449bb, com.mongodb.Jep395RecordCodecProvider@4e642ee1, com.mongodb.KotlinCodecProvider@29ebbdf4]}, loggerSettings=LoggerSettings{maxDocumentLength=1000}, clusterSettings={hosts=[127.0.0.1:27017], srvHost=reelratingscluster.jgvtex1.mongodb.net, srvServiceName=mongodb, mode=MULTIPLE, requiredClusterType=REPLICA_SET, requiredReplicaSetName='atlas-9j2cji-shard-0', serverSelector='null', clusterListeners='[]', serverSelectionTimeout='30000 ms', localThreshold='30000 ms'}, socketSettings=SocketSettings{connectTimeoutMS=10000, readTimeoutMS=0, receiveBufferSize=0, sendBufferSize=0}, heartbeatSocketSettings=SocketSettings{connectTimeoutMS=10000, readTimeoutMS=10000, receiveBufferSize=0, sendBufferSize=0}, connectionPoolSettings=ConnectionPoolSettings{maxSize=100, minSize=0, maxWaitTimeMS=120000, maxConnectionLifeTimeMS=0, maxConnectionIdleTimeMS=0, maintenanceInitialDelayMS=0, maintenanceFrequencyMS=60000, connectionPoolListeners=[], maxConnecting=2}, serverSettings=ServerSettings{heartbeatFrequencyMS=10000, minHeartbeatFrequencyMS=500, serverListeners='[]', serverMonitorListeners='[]'}, sslSettings=SslSettings{enabled=true, invalidHostNameAllowed=false, context=null}, applicationName='null', compressorList=[], uuidRepresentation=JAVA_LEGACY, serverApi=null, autoEncryptionSettings=null, dnsClient=null, inetAddressResolver=null, contextProvider=null}
2023-08-13T15:35:15.700-07:00  INFO 51014 --- [ex1.mongodb.net] org.mongodb.driver.cluster               : Adding discovered server ac-1wohlqv-shard-00-02.jgvtex1.mongodb.net:27017 to client view of cluster
2023-08-13T15:35:15.710-07:00  INFO 51014 --- [ex1.mongodb.net] org.mongodb.driver.cluster               : Adding discovered server ac-1wohlqv-shard-00-01.jgvtex1.mongodb.net:27017 to client view of cluster
2023-08-13T15:35:15.711-07:00  INFO 51014 --- [ex1.mongodb.net] org.mongodb.driver.cluster               : Adding discovered server ac-1wohlqv-shard-00-00.jgvtex1.mongodb.net:27017 to client view of cluster
2023-08-13T15:35:16.040-07:00  INFO 51014 --- [ngodb.net:27017] org.mongodb.driver.cluster               : Monitor thread successfully connected to server with description ServerDescription{address=ac-1wohlqv-shard-00-00.jgvtex1.mongodb.net:27017, type=REPLICA_SET_SECONDARY, state=CONNECTED, ok=true, minWireVersion=0, maxWireVersion=17, maxDocumentSize=16777216, logicalSessionTimeoutMinutes=30, roundTripTimeNanos=138378334, setName='atlas-9j2cji-shard-0', canonicalAddress=ac-1wohlqv-shard-00-00.jgvtex1.mongodb.net:27017, hosts=[ac-1wohlqv-shard-00-01.jgvtex1.mongodb.net:27017, ac-1wohlqv-shard-00-02.jgvtex1.mongodb.net:27017, ac-1wohlqv-shard-00-00.jgvtex1.mongodb.net:27017], passives=[], arbiters=[], primary='ac-1wohlqv-shard-00-01.jgvtex1.mongodb.net:27017', tagSet=TagSet{[Tag{name='nodeType', value='ELECTABLE'}, Tag{name='provider', value='AWS'}, Tag{name='region', value='US_WEST_2'}, Tag{name='workloadType', value='OPERATIONAL'}]}, electionId=null, setVersion=7, topologyVersion=TopologyVersion{processId=64d94bed0ecb337b1e17156f, counter=4}, lastWriteDate=Sun Aug 13 15:35:15 PDT 2023, lastUpdateTimeNanos=2290569406385416}
2023-08-13T15:35:16.040-07:00  INFO 51014 --- [ngodb.net:27017] org.mongodb.driver.cluster               : Monitor thread successfully connected to server with description ServerDescription{address=ac-1wohlqv-shard-00-01.jgvtex1.mongodb.net:27017, type=REPLICA_SET_PRIMARY, state=CONNECTED, ok=true, minWireVersion=0, maxWireVersion=17, maxDocumentSize=16777216, logicalSessionTimeoutMinutes=30, roundTripTimeNanos=135335750, setName='atlas-9j2cji-shard-0', canonicalAddress=ac-1wohlqv-shard-00-01.jgvtex1.mongodb.net:27017, hosts=[ac-1wohlqv-shard-00-01.jgvtex1.mongodb.net:27017, ac-1wohlqv-shard-00-02.jgvtex1.mongodb.net:27017, ac-1wohlqv-shard-00-00.jgvtex1.mongodb.net:27017], passives=[], arbiters=[], primary='ac-1wohlqv-shard-00-01.jgvtex1.mongodb.net:27017', tagSet=TagSet{[Tag{name='nodeType', value='ELECTABLE'}, Tag{name='provider', value='AWS'}, Tag{name='region', value='US_WEST_2'}, Tag{name='workloadType', value='OPERATIONAL'}]}, electionId=7fffffff00000000000000a3, setVersion=7, topologyVersion=TopologyVersion{processId=64d94d2131864cc183dec7c6, counter=6}, lastWriteDate=Sun Aug 13 15:35:15 PDT 2023, lastUpdateTimeNanos=2290569409059875}
2023-08-13T15:35:16.040-07:00  INFO 51014 --- [ngodb.net:27017] org.mongodb.driver.cluster               : Monitor thread successfully connected to server with description ServerDescription{address=ac-1wohlqv-shard-00-02.jgvtex1.mongodb.net:27017, type=REPLICA_SET_SECONDARY, state=CONNECTED, ok=true, minWireVersion=0, maxWireVersion=17, maxDocumentSize=16777216, logicalSessionTimeoutMinutes=30, roundTripTimeNanos=174006667, setName='atlas-9j2cji-shard-0', canonicalAddress=ac-1wohlqv-shard-00-02.jgvtex1.mongodb.net:27017, hosts=[ac-1wohlqv-shard-00-01.jgvtex1.mongodb.net:27017, ac-1wohlqv-shard-00-02.jgvtex1.mongodb.net:27017, ac-1wohlqv-shard-00-00.jgvtex1.mongodb.net:27017], passives=[], arbiters=[], primary='ac-1wohlqv-shard-00-01.jgvtex1.mongodb.net:27017', tagSet=TagSet{[Tag{name='nodeType', value='ELECTABLE'}, Tag{name='provider', value='AWS'}, Tag{name='region', value='US_WEST_2'}, Tag{name='workloadType', value='OPERATIONAL'}]}, electionId=null, setVersion=7, topologyVersion=TopologyVersion{processId=64d94df4c4c4bf8d79db3b8a, counter=3}, lastWriteDate=Sun Aug 13 15:35:15 PDT 2023, lastUpdateTimeNanos=2290569406382291}
2023-08-13T15:35:16.042-07:00  INFO 51014 --- [ngodb.net:27017] org.mongodb.driver.cluster               : Discovered replica set primary ac-1wohlqv-shard-00-01.jgvtex1.mongodb.net:27017 with max election id 7fffffff00000000000000a3 and max set version 7
2023-08-13T15:35:16.076-07:00  INFO 51014 --- [           main] d.r.R.ReelRatingsApplicationTests        : Started ReelRatingsApplicationTests in 1.024 seconds (process running for 1.444)
]]></system-out>
  </testcase>
</testsuite>